Home: C:/SVN/microtesk/build/target
Current directory: C:\SVN\microtesk\src\main\arch\demo\vmem\templates
Model name: vmem
Template file: example.rb
Loaded template VmemBaseTemplate defined in C:/SVN/microtesk/src/main/arch/demo/vmem/templates/vmem_base.rb
Loaded template ExampleTemplate defined in C:/SVN/microtesk/src/main/arch/demo/vmem/templates/example.rb
Processing template ExampleTemplate defined in C:/SVN/microtesk/src/main/arch/demo/vmem/templates/example.rb...
Instance number: 1

----------------------- Initializing Processing Elements -----------------------

The "instantiate" operation is undefined.

------------------------- Started Processing Template --------------------------


------------------ Started Processing Initialization Section -------------------


------------------- Ended Processing Initialization Section --------------------


------------------- Started Processing Finalization Section --------------------


-------------------- Ended Processing Finalization Section ---------------------


----------------------- Started Processing Main Section ------------------------


------------------------- Constructed Prologue (null) --------------------------

	.text

------------------------------- Allocating code --------------------------------

Section: .text [pa=0x0000000000002000, va=0x000000000000e000]


------------------ Constructed External Code (example.rb:35) -------------------

	// Initializer for REG: 110
	ml $0 10
	mh $0 1
	// Initializer for REG: c000
	ml $1 0
	mh $1 c0
	ld $0 $1
	// Initializer for REG: 521
	ml $0 21
	mh $0 5
	// Initializer for REG: c002
	ml $1 2
	mh $1 c0
	ld $0 $1
	// Initializer for REG: 932
	ml $0 32
	mh $0 9
	// Initializer for REG: c004
	ml $1 4
	mh $1 c0
	ld $0 $1
	// Initializer for REG: d43
	ml $0 43
	mh $0 d
	// Initializer for REG: c006
	ml $1 6
	mh $1 c0
	ld $0 $1
	// Initializer for REG: 1154
	ml $0 54
	mh $0 11
	// Initializer for REG: c008
	ml $1 8
	mh $1 c0
	ld $0 $1
	// Initializer for REG: 1565
	ml $0 65
	mh $0 15
	// Initializer for REG: c00a
	ml $1 a
	mh $1 c0
	ld $0 $1
	// Initializer for REG: 1976
	ml $0 76
	mh $0 19
	// Initializer for REG: c00c
	ml $1 c
	mh $1 c0
	ld $0 $1
	// Initializer for REG: 1d87
	ml $0 87
	mh $0 1d
	// Initializer for REG: c00e
	ml $1 e
	mh $1 c0
	ld $0 $1
	// Initializer for REG: 2198
	ml $0 98
	mh $0 21
	// Initializer for REG: c010
	ml $1 10
	mh $1 c0
	ld $0 $1
	// Initializer for REG: 25a9
	ml $0 a9
	mh $0 25
	// Initializer for REG: c012
	ml $1 12
	mh $1 c0
	ld $0 $1
	// Initializer for REG: 29ba
	ml $0 ba
	mh $0 29
	// Initializer for REG: c014
	ml $1 14
	mh $1 c0
	ld $0 $1
	// Initializer for REG: 2dcb
	ml $0 cb
	mh $0 2d
	// Initializer for REG: c016
	ml $1 16
	mh $1 c0
	ld $0 $1
	// Initializer for REG: 31dc
	ml $0 dc
	mh $0 31
	// Initializer for REG: c018
	ml $1 18
	mh $1 c0
	ld $0 $1
	// Initializer for REG: 35ed
	ml $0 ed
	mh $0 35
	// Initializer for REG: c01a
	ml $1 1a
	mh $1 c0
	ld $0 $1
	// Initializer for REG: 39fe
	ml $0 fe
	mh $0 39
	// Initializer for REG: c01c
	ml $1 1c
	mh $1 c0
	ld $0 $1
	// Initializer for REG: 3e0f
	ml $0 f
	mh $0 3e
	// Initializer for REG: c01e
	ml $1 1e
	mh $1 c0
	ld $0 $1
	// Initializer for REG: 4210
	ml $0 10
	mh $0 42
	// Initializer for REG: c020
	ml $1 20
	mh $1 c0
	ld $0 $1
	// Initializer for REG: 4621
	ml $0 21
	mh $0 46
	// Initializer for REG: c022
	ml $1 22
	mh $1 c0
	ld $0 $1
	// Initializer for REG: 4a32
	ml $0 32
	mh $0 4a
	// Initializer for REG: c024
	ml $1 24
	mh $1 c0
	ld $0 $1
	// Initializer for REG: 4e43
	ml $0 43
	mh $0 4e
	// Initializer for REG: c026
	ml $1 26
	mh $1 c0
	ld $0 $1
	// Initializer for REG: 5254
	ml $0 54
	mh $0 52
	// Initializer for REG: c028
	ml $1 28
	mh $1 c0
	ld $0 $1
	// Initializer for REG: 5665
	ml $0 65
	mh $0 56
	// Initializer for REG: c02a
	ml $1 2a
	mh $1 c0
	ld $0 $1
	// Initializer for REG: 5a76
	ml $0 76
	mh $0 5a
	// Initializer for REG: c02c
	ml $1 2c
	mh $1 c0
	ld $0 $1
	// Initializer for REG: 5e87
	ml $0 87
	mh $0 5e
	// Initializer for REG: c02e
	ml $1 2e
	mh $1 c0
	ld $0 $1
	// Initializer for REG: 6298
	ml $0 98
	mh $0 62
	// Initializer for REG: c030
	ml $1 30
	mh $1 c0
	ld $0 $1
	// Initializer for REG: 66a9
	ml $0 a9
	mh $0 66
	// Initializer for REG: c032
	ml $1 32
	mh $1 c0
	ld $0 $1
	// Initializer for REG: 6aba
	ml $0 ba
	mh $0 6a
	// Initializer for REG: c034
	ml $1 34
	mh $1 c0
	ld $0 $1
	// Initializer for REG: 6ecb
	ml $0 cb
	mh $0 6e
	// Initializer for REG: c036
	ml $1 36
	mh $1 c0
	ld $0 $1
	// Initializer for REG: 72dc
	ml $0 dc
	mh $0 72
	// Initializer for REG: c038
	ml $1 38
	mh $1 c0
	ld $0 $1
	// Initializer for REG: 76ed
	ml $0 ed
	mh $0 76
	// Initializer for REG: c03a
	ml $1 3a
	mh $1 c0
	ld $0 $1
	// Initializer for REG: 7afe
	ml $0 fe
	mh $0 7a
	// Initializer for REG: c03c
	ml $1 3c
	mh $1 c0
	ld $0 $1
	// Initializer for REG: 7f0f
	ml $0 f
	mh $0 7f
	// Initializer for REG: c03e
	ml $1 3e
	mh $1 c0
	ld $0 $1
	// Initializer for REG: 8310
	ml $0 10
	mh $0 83
	// Initializer for REG: c040
	ml $1 40
	mh $1 c0
	ld $0 $1
	// Initializer for REG: 8721
	ml $0 21
	mh $0 87
	// Initializer for REG: c042
	ml $1 42
	mh $1 c0
	ld $0 $1
	// Initializer for REG: 8b32
	ml $0 32
	mh $0 8b
	// Initializer for REG: c044
	ml $1 44
	mh $1 c0
	ld $0 $1
	// Initializer for REG: 8f43
	ml $0 43
	mh $0 8f
	// Initializer for REG: c046
	ml $1 46
	mh $1 c0
	ld $0 $1
	// Initializer for REG: 9354
	ml $0 54
	mh $0 93
	// Initializer for REG: c048
	ml $1 48
	mh $1 c0
	ld $0 $1
	// Initializer for REG: 9765
	ml $0 65
	mh $0 97
	// Initializer for REG: c04a
	ml $1 4a
	mh $1 c0
	ld $0 $1
	// Initializer for REG: 9b76
	ml $0 76
	mh $0 9b
	// Initializer for REG: c04c
	ml $1 4c
	mh $1 c0
	ld $0 $1
	// Initializer for REG: 9f87
	ml $0 87
	mh $0 9f
	// Initializer for REG: c04e
	ml $1 4e
	mh $1 c0
	ld $0 $1
	// Initializer for REG: a398
	ml $0 98
	mh $0 a3
	// Initializer for REG: c050
	ml $1 50
	mh $1 c0
	ld $0 $1
	// Initializer for REG: a7a9
	ml $0 a9
	mh $0 a7
	// Initializer for REG: c052
	ml $1 52
	mh $1 c0
	ld $0 $1
	// Initializer for REG: abba
	ml $0 ba
	mh $0 ab
	// Initializer for REG: c054
	ml $1 54
	mh $1 c0
	ld $0 $1
	// Initializer for REG: afcb
	ml $0 cb
	mh $0 af
	// Initializer for REG: c056
	ml $1 56
	mh $1 c0
	ld $0 $1
	// Initializer for REG: b3dc
	ml $0 dc
	mh $0 b3
	// Initializer for REG: c058
	ml $1 58
	mh $1 c0
	ld $0 $1
	// Initializer for REG: b7ed
	ml $0 ed
	mh $0 b7
	// Initializer for REG: c05a
	ml $1 5a
	mh $1 c0
	ld $0 $1
	// Initializer for REG: bbfe
	ml $0 fe
	mh $0 bb
	// Initializer for REG: c05c
	ml $1 5c
	mh $1 c0
	ld $0 $1
	// Initializer for REG: bc1f
	ml $0 1f
	mh $0 bc
	// Initializer for REG: c05e
	ml $1 5e
	mh $1 c0
	ld $0 $1
	// Initializer for REG: c020
	ml $0 20
	mh $0 c0
	// Initializer for REG: c060
	ml $1 60
	mh $1 c0
	ld $0 $1
	// Initializer for REG: c431
	ml $0 31
	mh $0 c4
	// Initializer for REG: c062
	ml $1 62
	mh $1 c0
	ld $0 $1
	// Initializer for REG: c842
	ml $0 42
	mh $0 c8
	// Initializer for REG: c064
	ml $1 64
	mh $1 c0
	ld $0 $1
	// Initializer for REG: cc53
	ml $0 53
	mh $0 cc
	// Initializer for REG: c066
	ml $1 66
	mh $1 c0
	ld $0 $1
	// Initializer for REG: d064
	ml $0 64
	mh $0 d0
	// Initializer for REG: c068
	ml $1 68
	mh $1 c0
	ld $0 $1
	// Initializer for REG: d475
	ml $0 75
	mh $0 d4
	// Initializer for REG: c06a
	ml $1 6a
	mh $1 c0
	ld $0 $1
	// Initializer for REG: d886
	ml $0 86
	mh $0 d8
	// Initializer for REG: c06c
	ml $1 6c
	mh $1 c0
	ld $0 $1
	// Initializer for REG: dc97
	ml $0 97
	mh $0 dc
	// Initializer for REG: c06e
	ml $1 6e
	mh $1 c0
	ld $0 $1
	// Initializer for REG: e0a8
	ml $0 a8
	mh $0 e0
	// Initializer for REG: c070
	ml $1 70
	mh $1 c0
	ld $0 $1
	// Initializer for REG: e4b9
	ml $0 b9
	mh $0 e4
	// Initializer for REG: c072
	ml $1 72
	mh $1 c0
	ld $0 $1
	// Initializer for REG: e8ca
	ml $0 ca
	mh $0 e8
	// Initializer for REG: c074
	ml $1 74
	mh $1 c0
	ld $0 $1
	// Initializer for REG: ecdb
	ml $0 db
	mh $0 ec
	// Initializer for REG: c076
	ml $1 76
	mh $1 c0
	ld $0 $1
	// Initializer for REG: f0ec
	ml $0 ec
	mh $0 f0
	// Initializer for REG: c078
	ml $1 78
	mh $1 c0
	ld $0 $1
	// Initializer for REG: f4fd
	ml $0 fd
	mh $0 f4
	// Initializer for REG: c07a
	ml $1 7a
	mh $1 c0
	ld $0 $1
	// Initializer for REG: f90e
	ml $0 e
	mh $0 f9
	// Initializer for REG: c07c
	ml $1 7c
	mh $1 c0
	ld $0 $1
	// Initializer for REG: fd1f
	ml $0 1f
	mh $0 fd
	// Initializer for REG: c07e
	ml $1 7e
	mh $1 c0
	ld $0 $1
	// Initializer for REG: dead
	ml $10 ad
	mh $10 de
	// Initializer for REG: 1234
	ml $11 34
	mh $11 12
	ld $10 $11
	// Initializer for REG: d234
	ml $11 34
	mh $11 d2
	ld $10 $11

------------------------------- Allocating code --------------------------------

Section: .text [pa=0x0000000000002000, va=0x000000000000e000]

0x0000000000002000 (PA): ml $0 10 (0x1010)
0x0000000000002002 (PA): mh $0 1 (0x2001)
0x0000000000002004 (PA): ml $1 0 (0x1100)
0x0000000000002006 (PA): mh $1 c0 (0x21C0)
0x0000000000002008 (PA): ld $0 $1 (0xA001)
0x000000000000200a (PA): ml $0 21 (0x1021)
0x000000000000200c (PA): mh $0 5 (0x2005)
0x000000000000200e (PA): ml $1 2 (0x1102)
0x0000000000002010 (PA): mh $1 c0 (0x21C0)
0x0000000000002012 (PA): ld $0 $1 (0xA001)
0x0000000000002014 (PA): ml $0 32 (0x1032)
0x0000000000002016 (PA): mh $0 9 (0x2009)
0x0000000000002018 (PA): ml $1 4 (0x1104)
0x000000000000201a (PA): mh $1 c0 (0x21C0)
0x000000000000201c (PA): ld $0 $1 (0xA001)
0x000000000000201e (PA): ml $0 43 (0x1043)
0x0000000000002020 (PA): mh $0 d (0x200D)
0x0000000000002022 (PA): ml $1 6 (0x1106)
0x0000000000002024 (PA): mh $1 c0 (0x21C0)
0x0000000000002026 (PA): ld $0 $1 (0xA001)
0x0000000000002028 (PA): ml $0 54 (0x1054)
0x000000000000202a (PA): mh $0 11 (0x2011)
0x000000000000202c (PA): ml $1 8 (0x1108)
0x000000000000202e (PA): mh $1 c0 (0x21C0)
0x0000000000002030 (PA): ld $0 $1 (0xA001)
0x0000000000002032 (PA): ml $0 65 (0x1065)
0x0000000000002034 (PA): mh $0 15 (0x2015)
0x0000000000002036 (PA): ml $1 a (0x110A)
0x0000000000002038 (PA): mh $1 c0 (0x21C0)
0x000000000000203a (PA): ld $0 $1 (0xA001)
0x000000000000203c (PA): ml $0 76 (0x1076)
0x000000000000203e (PA): mh $0 19 (0x2019)
0x0000000000002040 (PA): ml $1 c (0x110C)
0x0000000000002042 (PA): mh $1 c0 (0x21C0)
0x0000000000002044 (PA): ld $0 $1 (0xA001)
0x0000000000002046 (PA): ml $0 87 (0x1087)
0x0000000000002048 (PA): mh $0 1d (0x201D)
0x000000000000204a (PA): ml $1 e (0x110E)
0x000000000000204c (PA): mh $1 c0 (0x21C0)
0x000000000000204e (PA): ld $0 $1 (0xA001)
0x0000000000002050 (PA): ml $0 98 (0x1098)
0x0000000000002052 (PA): mh $0 21 (0x2021)
0x0000000000002054 (PA): ml $1 10 (0x1110)
0x0000000000002056 (PA): mh $1 c0 (0x21C0)
0x0000000000002058 (PA): ld $0 $1 (0xA001)
0x000000000000205a (PA): ml $0 a9 (0x10A9)
0x000000000000205c (PA): mh $0 25 (0x2025)
0x000000000000205e (PA): ml $1 12 (0x1112)
0x0000000000002060 (PA): mh $1 c0 (0x21C0)
0x0000000000002062 (PA): ld $0 $1 (0xA001)
0x0000000000002064 (PA): ml $0 ba (0x10BA)
0x0000000000002066 (PA): mh $0 29 (0x2029)
0x0000000000002068 (PA): ml $1 14 (0x1114)
0x000000000000206a (PA): mh $1 c0 (0x21C0)
0x000000000000206c (PA): ld $0 $1 (0xA001)
0x000000000000206e (PA): ml $0 cb (0x10CB)
0x0000000000002070 (PA): mh $0 2d (0x202D)
0x0000000000002072 (PA): ml $1 16 (0x1116)
0x0000000000002074 (PA): mh $1 c0 (0x21C0)
0x0000000000002076 (PA): ld $0 $1 (0xA001)
0x0000000000002078 (PA): ml $0 dc (0x10DC)
0x000000000000207a (PA): mh $0 31 (0x2031)
0x000000000000207c (PA): ml $1 18 (0x1118)
0x000000000000207e (PA): mh $1 c0 (0x21C0)
0x0000000000002080 (PA): ld $0 $1 (0xA001)
0x0000000000002082 (PA): ml $0 ed (0x10ED)
0x0000000000002084 (PA): mh $0 35 (0x2035)
0x0000000000002086 (PA): ml $1 1a (0x111A)
0x0000000000002088 (PA): mh $1 c0 (0x21C0)
0x000000000000208a (PA): ld $0 $1 (0xA001)
0x000000000000208c (PA): ml $0 fe (0x10FE)
0x000000000000208e (PA): mh $0 39 (0x2039)
0x0000000000002090 (PA): ml $1 1c (0x111C)
0x0000000000002092 (PA): mh $1 c0 (0x21C0)
0x0000000000002094 (PA): ld $0 $1 (0xA001)
0x0000000000002096 (PA): ml $0 f (0x100F)
0x0000000000002098 (PA): mh $0 3e (0x203E)
0x000000000000209a (PA): ml $1 1e (0x111E)
0x000000000000209c (PA): mh $1 c0 (0x21C0)
0x000000000000209e (PA): ld $0 $1 (0xA001)
0x00000000000020a0 (PA): ml $0 10 (0x1010)
0x00000000000020a2 (PA): mh $0 42 (0x2042)
0x00000000000020a4 (PA): ml $1 20 (0x1120)
0x00000000000020a6 (PA): mh $1 c0 (0x21C0)
0x00000000000020a8 (PA): ld $0 $1 (0xA001)
0x00000000000020aa (PA): ml $0 21 (0x1021)
0x00000000000020ac (PA): mh $0 46 (0x2046)
0x00000000000020ae (PA): ml $1 22 (0x1122)
0x00000000000020b0 (PA): mh $1 c0 (0x21C0)
0x00000000000020b2 (PA): ld $0 $1 (0xA001)
0x00000000000020b4 (PA): ml $0 32 (0x1032)
0x00000000000020b6 (PA): mh $0 4a (0x204A)
0x00000000000020b8 (PA): ml $1 24 (0x1124)
0x00000000000020ba (PA): mh $1 c0 (0x21C0)
0x00000000000020bc (PA): ld $0 $1 (0xA001)
0x00000000000020be (PA): ml $0 43 (0x1043)
0x00000000000020c0 (PA): mh $0 4e (0x204E)
0x00000000000020c2 (PA): ml $1 26 (0x1126)
0x00000000000020c4 (PA): mh $1 c0 (0x21C0)
0x00000000000020c6 (PA): ld $0 $1 (0xA001)
0x00000000000020c8 (PA): ml $0 54 (0x1054)
0x00000000000020ca (PA): mh $0 52 (0x2052)
0x00000000000020cc (PA): ml $1 28 (0x1128)
0x00000000000020ce (PA): mh $1 c0 (0x21C0)
0x00000000000020d0 (PA): ld $0 $1 (0xA001)
0x00000000000020d2 (PA): ml $0 65 (0x1065)
0x00000000000020d4 (PA): mh $0 56 (0x2056)
0x00000000000020d6 (PA): ml $1 2a (0x112A)
0x00000000000020d8 (PA): mh $1 c0 (0x21C0)
0x00000000000020da (PA): ld $0 $1 (0xA001)
0x00000000000020dc (PA): ml $0 76 (0x1076)
0x00000000000020de (PA): mh $0 5a (0x205A)
0x00000000000020e0 (PA): ml $1 2c (0x112C)
0x00000000000020e2 (PA): mh $1 c0 (0x21C0)
0x00000000000020e4 (PA): ld $0 $1 (0xA001)
0x00000000000020e6 (PA): ml $0 87 (0x1087)
0x00000000000020e8 (PA): mh $0 5e (0x205E)
0x00000000000020ea (PA): ml $1 2e (0x112E)
0x00000000000020ec (PA): mh $1 c0 (0x21C0)
0x00000000000020ee (PA): ld $0 $1 (0xA001)
0x00000000000020f0 (PA): ml $0 98 (0x1098)
0x00000000000020f2 (PA): mh $0 62 (0x2062)
0x00000000000020f4 (PA): ml $1 30 (0x1130)
0x00000000000020f6 (PA): mh $1 c0 (0x21C0)
0x00000000000020f8 (PA): ld $0 $1 (0xA001)
0x00000000000020fa (PA): ml $0 a9 (0x10A9)
0x00000000000020fc (PA): mh $0 66 (0x2066)
0x00000000000020fe (PA): ml $1 32 (0x1132)
0x0000000000002100 (PA): mh $1 c0 (0x21C0)
0x0000000000002102 (PA): ld $0 $1 (0xA001)
0x0000000000002104 (PA): ml $0 ba (0x10BA)
0x0000000000002106 (PA): mh $0 6a (0x206A)
0x0000000000002108 (PA): ml $1 34 (0x1134)
0x000000000000210a (PA): mh $1 c0 (0x21C0)
0x000000000000210c (PA): ld $0 $1 (0xA001)
0x000000000000210e (PA): ml $0 cb (0x10CB)
0x0000000000002110 (PA): mh $0 6e (0x206E)
0x0000000000002112 (PA): ml $1 36 (0x1136)
0x0000000000002114 (PA): mh $1 c0 (0x21C0)
0x0000000000002116 (PA): ld $0 $1 (0xA001)
0x0000000000002118 (PA): ml $0 dc (0x10DC)
0x000000000000211a (PA): mh $0 72 (0x2072)
0x000000000000211c (PA): ml $1 38 (0x1138)
0x000000000000211e (PA): mh $1 c0 (0x21C0)
0x0000000000002120 (PA): ld $0 $1 (0xA001)
0x0000000000002122 (PA): ml $0 ed (0x10ED)
0x0000000000002124 (PA): mh $0 76 (0x2076)
0x0000000000002126 (PA): ml $1 3a (0x113A)
0x0000000000002128 (PA): mh $1 c0 (0x21C0)
0x000000000000212a (PA): ld $0 $1 (0xA001)
0x000000000000212c (PA): ml $0 fe (0x10FE)
0x000000000000212e (PA): mh $0 7a (0x207A)
0x0000000000002130 (PA): ml $1 3c (0x113C)
0x0000000000002132 (PA): mh $1 c0 (0x21C0)
0x0000000000002134 (PA): ld $0 $1 (0xA001)
0x0000000000002136 (PA): ml $0 f (0x100F)
0x0000000000002138 (PA): mh $0 7f (0x207F)
0x000000000000213a (PA): ml $1 3e (0x113E)
0x000000000000213c (PA): mh $1 c0 (0x21C0)
0x000000000000213e (PA): ld $0 $1 (0xA001)
0x0000000000002140 (PA): ml $0 10 (0x1010)
0x0000000000002142 (PA): mh $0 83 (0x2083)
0x0000000000002144 (PA): ml $1 40 (0x1140)
0x0000000000002146 (PA): mh $1 c0 (0x21C0)
0x0000000000002148 (PA): ld $0 $1 (0xA001)
0x000000000000214a (PA): ml $0 21 (0x1021)
0x000000000000214c (PA): mh $0 87 (0x2087)
0x000000000000214e (PA): ml $1 42 (0x1142)
0x0000000000002150 (PA): mh $1 c0 (0x21C0)
0x0000000000002152 (PA): ld $0 $1 (0xA001)
0x0000000000002154 (PA): ml $0 32 (0x1032)
0x0000000000002156 (PA): mh $0 8b (0x208B)
0x0000000000002158 (PA): ml $1 44 (0x1144)
0x000000000000215a (PA): mh $1 c0 (0x21C0)
0x000000000000215c (PA): ld $0 $1 (0xA001)
0x000000000000215e (PA): ml $0 43 (0x1043)
0x0000000000002160 (PA): mh $0 8f (0x208F)
0x0000000000002162 (PA): ml $1 46 (0x1146)
0x0000000000002164 (PA): mh $1 c0 (0x21C0)
0x0000000000002166 (PA): ld $0 $1 (0xA001)
0x0000000000002168 (PA): ml $0 54 (0x1054)
0x000000000000216a (PA): mh $0 93 (0x2093)
0x000000000000216c (PA): ml $1 48 (0x1148)
0x000000000000216e (PA): mh $1 c0 (0x21C0)
0x0000000000002170 (PA): ld $0 $1 (0xA001)
0x0000000000002172 (PA): ml $0 65 (0x1065)
0x0000000000002174 (PA): mh $0 97 (0x2097)
0x0000000000002176 (PA): ml $1 4a (0x114A)
0x0000000000002178 (PA): mh $1 c0 (0x21C0)
0x000000000000217a (PA): ld $0 $1 (0xA001)
0x000000000000217c (PA): ml $0 76 (0x1076)
0x000000000000217e (PA): mh $0 9b (0x209B)
0x0000000000002180 (PA): ml $1 4c (0x114C)
0x0000000000002182 (PA): mh $1 c0 (0x21C0)
0x0000000000002184 (PA): ld $0 $1 (0xA001)
0x0000000000002186 (PA): ml $0 87 (0x1087)
0x0000000000002188 (PA): mh $0 9f (0x209F)
0x000000000000218a (PA): ml $1 4e (0x114E)
0x000000000000218c (PA): mh $1 c0 (0x21C0)
0x000000000000218e (PA): ld $0 $1 (0xA001)
0x0000000000002190 (PA): ml $0 98 (0x1098)
0x0000000000002192 (PA): mh $0 a3 (0x20A3)
0x0000000000002194 (PA): ml $1 50 (0x1150)
0x0000000000002196 (PA): mh $1 c0 (0x21C0)
0x0000000000002198 (PA): ld $0 $1 (0xA001)
0x000000000000219a (PA): ml $0 a9 (0x10A9)
0x000000000000219c (PA): mh $0 a7 (0x20A7)
0x000000000000219e (PA): ml $1 52 (0x1152)
0x00000000000021a0 (PA): mh $1 c0 (0x21C0)
0x00000000000021a2 (PA): ld $0 $1 (0xA001)
0x00000000000021a4 (PA): ml $0 ba (0x10BA)
0x00000000000021a6 (PA): mh $0 ab (0x20AB)
0x00000000000021a8 (PA): ml $1 54 (0x1154)
0x00000000000021aa (PA): mh $1 c0 (0x21C0)
0x00000000000021ac (PA): ld $0 $1 (0xA001)
0x00000000000021ae (PA): ml $0 cb (0x10CB)
0x00000000000021b0 (PA): mh $0 af (0x20AF)
0x00000000000021b2 (PA): ml $1 56 (0x1156)
0x00000000000021b4 (PA): mh $1 c0 (0x21C0)
0x00000000000021b6 (PA): ld $0 $1 (0xA001)
0x00000000000021b8 (PA): ml $0 dc (0x10DC)
0x00000000000021ba (PA): mh $0 b3 (0x20B3)
0x00000000000021bc (PA): ml $1 58 (0x1158)
0x00000000000021be (PA): mh $1 c0 (0x21C0)
0x00000000000021c0 (PA): ld $0 $1 (0xA001)
0x00000000000021c2 (PA): ml $0 ed (0x10ED)
0x00000000000021c4 (PA): mh $0 b7 (0x20B7)
0x00000000000021c6 (PA): ml $1 5a (0x115A)
0x00000000000021c8 (PA): mh $1 c0 (0x21C0)
0x00000000000021ca (PA): ld $0 $1 (0xA001)
0x00000000000021cc (PA): ml $0 fe (0x10FE)
0x00000000000021ce (PA): mh $0 bb (0x20BB)
0x00000000000021d0 (PA): ml $1 5c (0x115C)
0x00000000000021d2 (PA): mh $1 c0 (0x21C0)
0x00000000000021d4 (PA): ld $0 $1 (0xA001)
0x00000000000021d6 (PA): ml $0 1f (0x101F)
0x00000000000021d8 (PA): mh $0 bc (0x20BC)
0x00000000000021da (PA): ml $1 5e (0x115E)
0x00000000000021dc (PA): mh $1 c0 (0x21C0)
0x00000000000021de (PA): ld $0 $1 (0xA001)
0x00000000000021e0 (PA): ml $0 20 (0x1020)
0x00000000000021e2 (PA): mh $0 c0 (0x20C0)
0x00000000000021e4 (PA): ml $1 60 (0x1160)
0x00000000000021e6 (PA): mh $1 c0 (0x21C0)
0x00000000000021e8 (PA): ld $0 $1 (0xA001)
0x00000000000021ea (PA): ml $0 31 (0x1031)
0x00000000000021ec (PA): mh $0 c4 (0x20C4)
0x00000000000021ee (PA): ml $1 62 (0x1162)
0x00000000000021f0 (PA): mh $1 c0 (0x21C0)
0x00000000000021f2 (PA): ld $0 $1 (0xA001)
0x00000000000021f4 (PA): ml $0 42 (0x1042)
0x00000000000021f6 (PA): mh $0 c8 (0x20C8)
0x00000000000021f8 (PA): ml $1 64 (0x1164)
0x00000000000021fa (PA): mh $1 c0 (0x21C0)
0x00000000000021fc (PA): ld $0 $1 (0xA001)
0x00000000000021fe (PA): ml $0 53 (0x1053)
0x0000000000002200 (PA): mh $0 cc (0x20CC)
0x0000000000002202 (PA): ml $1 66 (0x1166)
0x0000000000002204 (PA): mh $1 c0 (0x21C0)
0x0000000000002206 (PA): ld $0 $1 (0xA001)
0x0000000000002208 (PA): ml $0 64 (0x1064)
0x000000000000220a (PA): mh $0 d0 (0x20D0)
0x000000000000220c (PA): ml $1 68 (0x1168)
0x000000000000220e (PA): mh $1 c0 (0x21C0)
0x0000000000002210 (PA): ld $0 $1 (0xA001)
0x0000000000002212 (PA): ml $0 75 (0x1075)
0x0000000000002214 (PA): mh $0 d4 (0x20D4)
0x0000000000002216 (PA): ml $1 6a (0x116A)
0x0000000000002218 (PA): mh $1 c0 (0x21C0)
0x000000000000221a (PA): ld $0 $1 (0xA001)
0x000000000000221c (PA): ml $0 86 (0x1086)
0x000000000000221e (PA): mh $0 d8 (0x20D8)
0x0000000000002220 (PA): ml $1 6c (0x116C)
0x0000000000002222 (PA): mh $1 c0 (0x21C0)
0x0000000000002224 (PA): ld $0 $1 (0xA001)
0x0000000000002226 (PA): ml $0 97 (0x1097)
0x0000000000002228 (PA): mh $0 dc (0x20DC)
0x000000000000222a (PA): ml $1 6e (0x116E)
0x000000000000222c (PA): mh $1 c0 (0x21C0)
0x000000000000222e (PA): ld $0 $1 (0xA001)
0x0000000000002230 (PA): ml $0 a8 (0x10A8)
0x0000000000002232 (PA): mh $0 e0 (0x20E0)
0x0000000000002234 (PA): ml $1 70 (0x1170)
0x0000000000002236 (PA): mh $1 c0 (0x21C0)
0x0000000000002238 (PA): ld $0 $1 (0xA001)
0x000000000000223a (PA): ml $0 b9 (0x10B9)
0x000000000000223c (PA): mh $0 e4 (0x20E4)
0x000000000000223e (PA): ml $1 72 (0x1172)
0x0000000000002240 (PA): mh $1 c0 (0x21C0)
0x0000000000002242 (PA): ld $0 $1 (0xA001)
0x0000000000002244 (PA): ml $0 ca (0x10CA)
0x0000000000002246 (PA): mh $0 e8 (0x20E8)
0x0000000000002248 (PA): ml $1 74 (0x1174)
0x000000000000224a (PA): mh $1 c0 (0x21C0)
0x000000000000224c (PA): ld $0 $1 (0xA001)
0x000000000000224e (PA): ml $0 db (0x10DB)
0x0000000000002250 (PA): mh $0 ec (0x20EC)
0x0000000000002252 (PA): ml $1 76 (0x1176)
0x0000000000002254 (PA): mh $1 c0 (0x21C0)
0x0000000000002256 (PA): ld $0 $1 (0xA001)
0x0000000000002258 (PA): ml $0 ec (0x10EC)
0x000000000000225a (PA): mh $0 f0 (0x20F0)
0x000000000000225c (PA): ml $1 78 (0x1178)
0x000000000000225e (PA): mh $1 c0 (0x21C0)
0x0000000000002260 (PA): ld $0 $1 (0xA001)
0x0000000000002262 (PA): ml $0 fd (0x10FD)
0x0000000000002264 (PA): mh $0 f4 (0x20F4)
0x0000000000002266 (PA): ml $1 7a (0x117A)
0x0000000000002268 (PA): mh $1 c0 (0x21C0)
0x000000000000226a (PA): ld $0 $1 (0xA001)
0x000000000000226c (PA): ml $0 e (0x100E)
0x000000000000226e (PA): mh $0 f9 (0x20F9)
0x0000000000002270 (PA): ml $1 7c (0x117C)
0x0000000000002272 (PA): mh $1 c0 (0x21C0)
0x0000000000002274 (PA): ld $0 $1 (0xA001)
0x0000000000002276 (PA): ml $0 1f (0x101F)
0x0000000000002278 (PA): mh $0 fd (0x20FD)
0x000000000000227a (PA): ml $1 7e (0x117E)
0x000000000000227c (PA): mh $1 c0 (0x21C0)
0x000000000000227e (PA): ld $0 $1 (0xA001)
0x0000000000002280 (PA): ml $10 ad (0x1AAD)
0x0000000000002282 (PA): mh $10 de (0x2ADE)
0x0000000000002284 (PA): ml $11 34 (0x1B34)
0x0000000000002286 (PA): mh $11 12 (0x2B12)
0x0000000000002288 (PA): ld $10 $11 (0xA0AB)
0x000000000000228a (PA): ml $11 34 (0x1B34)
0x000000000000228c (PA): mh $11 d2 (0x2BD2)
0x000000000000228e (PA): ld $10 $11 (0x90AB)

------------------------ Ended Processing Main Section -------------------------


-------------------- Running Execution from Prologue (null) --------------------


---------------------------------- Instance 0 ----------------------------------

Execution status: 0x000000000000e000

0x000000000000e000 ml $0 10
0x000000000000e002 mh $0 1
0x000000000000e004 ml $1 0
0x000000000000e006 mh $1 c0
0x000000000000e008 ld $0 $1
0x000000000000e00a ml $0 21
0x000000000000e00c mh $0 5
0x000000000000e00e ml $1 2
0x000000000000e010 mh $1 c0
0x000000000000e012 ld $0 $1
0x000000000000e014 ml $0 32
0x000000000000e016 mh $0 9
0x000000000000e018 ml $1 4
0x000000000000e01a mh $1 c0
0x000000000000e01c ld $0 $1
0x000000000000e01e ml $0 43
0x000000000000e020 mh $0 d
0x000000000000e022 ml $1 6
0x000000000000e024 mh $1 c0
0x000000000000e026 ld $0 $1
0x000000000000e028 ml $0 54
0x000000000000e02a mh $0 11
0x000000000000e02c ml $1 8
0x000000000000e02e mh $1 c0
0x000000000000e030 ld $0 $1
0x000000000000e032 ml $0 65
0x000000000000e034 mh $0 15
0x000000000000e036 ml $1 a
0x000000000000e038 mh $1 c0
0x000000000000e03a ld $0 $1
0x000000000000e03c ml $0 76
0x000000000000e03e mh $0 19
0x000000000000e040 ml $1 c
0x000000000000e042 mh $1 c0
0x000000000000e044 ld $0 $1
0x000000000000e046 ml $0 87
0x000000000000e048 mh $0 1d
0x000000000000e04a ml $1 e
0x000000000000e04c mh $1 c0
0x000000000000e04e ld $0 $1
0x000000000000e050 ml $0 98
0x000000000000e052 mh $0 21
0x000000000000e054 ml $1 10
0x000000000000e056 mh $1 c0
0x000000000000e058 ld $0 $1
0x000000000000e05a ml $0 a9
0x000000000000e05c mh $0 25
0x000000000000e05e ml $1 12
0x000000000000e060 mh $1 c0
0x000000000000e062 ld $0 $1
0x000000000000e064 ml $0 ba
0x000000000000e066 mh $0 29
0x000000000000e068 ml $1 14
0x000000000000e06a mh $1 c0
0x000000000000e06c ld $0 $1
0x000000000000e06e ml $0 cb
0x000000000000e070 mh $0 2d
0x000000000000e072 ml $1 16
0x000000000000e074 mh $1 c0
0x000000000000e076 ld $0 $1
0x000000000000e078 ml $0 dc
0x000000000000e07a mh $0 31
0x000000000000e07c ml $1 18
0x000000000000e07e mh $1 c0
0x000000000000e080 ld $0 $1
0x000000000000e082 ml $0 ed
0x000000000000e084 mh $0 35
0x000000000000e086 ml $1 1a
0x000000000000e088 mh $1 c0
0x000000000000e08a ld $0 $1
0x000000000000e08c ml $0 fe
0x000000000000e08e mh $0 39
0x000000000000e090 ml $1 1c
0x000000000000e092 mh $1 c0
0x000000000000e094 ld $0 $1
0x000000000000e096 ml $0 f
0x000000000000e098 mh $0 3e
0x000000000000e09a ml $1 1e
0x000000000000e09c mh $1 c0
0x000000000000e09e ld $0 $1
0x000000000000e0a0 ml $0 10
0x000000000000e0a2 mh $0 42
0x000000000000e0a4 ml $1 20
0x000000000000e0a6 mh $1 c0
0x000000000000e0a8 ld $0 $1
0x000000000000e0aa ml $0 21
0x000000000000e0ac mh $0 46
0x000000000000e0ae ml $1 22
0x000000000000e0b0 mh $1 c0
0x000000000000e0b2 ld $0 $1
0x000000000000e0b4 ml $0 32
0x000000000000e0b6 mh $0 4a
0x000000000000e0b8 ml $1 24
0x000000000000e0ba mh $1 c0
0x000000000000e0bc ld $0 $1
0x000000000000e0be ml $0 43
0x000000000000e0c0 mh $0 4e
0x000000000000e0c2 ml $1 26
0x000000000000e0c4 mh $1 c0
0x000000000000e0c6 ld $0 $1
0x000000000000e0c8 ml $0 54
0x000000000000e0ca mh $0 52
0x000000000000e0cc ml $1 28
0x000000000000e0ce mh $1 c0
0x000000000000e0d0 ld $0 $1
0x000000000000e0d2 ml $0 65
0x000000000000e0d4 mh $0 56
0x000000000000e0d6 ml $1 2a
0x000000000000e0d8 mh $1 c0
0x000000000000e0da ld $0 $1
0x000000000000e0dc ml $0 76
0x000000000000e0de mh $0 5a
0x000000000000e0e0 ml $1 2c
0x000000000000e0e2 mh $1 c0
0x000000000000e0e4 ld $0 $1
0x000000000000e0e6 ml $0 87
0x000000000000e0e8 mh $0 5e
0x000000000000e0ea ml $1 2e
0x000000000000e0ec mh $1 c0
0x000000000000e0ee ld $0 $1
0x000000000000e0f0 ml $0 98
0x000000000000e0f2 mh $0 62
0x000000000000e0f4 ml $1 30
0x000000000000e0f6 mh $1 c0
0x000000000000e0f8 ld $0 $1
0x000000000000e0fa ml $0 a9
0x000000000000e0fc mh $0 66
0x000000000000e0fe ml $1 32
0x000000000000e100 mh $1 c0
0x000000000000e102 ld $0 $1
0x000000000000e104 ml $0 ba
0x000000000000e106 mh $0 6a
0x000000000000e108 ml $1 34
0x000000000000e10a mh $1 c0
0x000000000000e10c ld $0 $1
0x000000000000e10e ml $0 cb
0x000000000000e110 mh $0 6e
0x000000000000e112 ml $1 36
0x000000000000e114 mh $1 c0
0x000000000000e116 ld $0 $1
0x000000000000e118 ml $0 dc
0x000000000000e11a mh $0 72
0x000000000000e11c ml $1 38
0x000000000000e11e mh $1 c0
0x000000000000e120 ld $0 $1
0x000000000000e122 ml $0 ed
0x000000000000e124 mh $0 76
0x000000000000e126 ml $1 3a
0x000000000000e128 mh $1 c0
0x000000000000e12a ld $0 $1
0x000000000000e12c ml $0 fe
0x000000000000e12e mh $0 7a
0x000000000000e130 ml $1 3c
0x000000000000e132 mh $1 c0
0x000000000000e134 ld $0 $1
0x000000000000e136 ml $0 f
0x000000000000e138 mh $0 7f
0x000000000000e13a ml $1 3e
0x000000000000e13c mh $1 c0
0x000000000000e13e ld $0 $1
0x000000000000e140 ml $0 10
0x000000000000e142 mh $0 83
0x000000000000e144 ml $1 40
0x000000000000e146 mh $1 c0
0x000000000000e148 ld $0 $1
0x000000000000e14a ml $0 21
0x000000000000e14c mh $0 87
0x000000000000e14e ml $1 42
0x000000000000e150 mh $1 c0
0x000000000000e152 ld $0 $1
0x000000000000e154 ml $0 32
0x000000000000e156 mh $0 8b
0x000000000000e158 ml $1 44
0x000000000000e15a mh $1 c0
0x000000000000e15c ld $0 $1
0x000000000000e15e ml $0 43
0x000000000000e160 mh $0 8f
0x000000000000e162 ml $1 46
0x000000000000e164 mh $1 c0
0x000000000000e166 ld $0 $1
0x000000000000e168 ml $0 54
0x000000000000e16a mh $0 93
0x000000000000e16c ml $1 48
0x000000000000e16e mh $1 c0
0x000000000000e170 ld $0 $1
0x000000000000e172 ml $0 65
0x000000000000e174 mh $0 97
0x000000000000e176 ml $1 4a
0x000000000000e178 mh $1 c0
0x000000000000e17a ld $0 $1
0x000000000000e17c ml $0 76
0x000000000000e17e mh $0 9b
0x000000000000e180 ml $1 4c
0x000000000000e182 mh $1 c0
0x000000000000e184 ld $0 $1
0x000000000000e186 ml $0 87
0x000000000000e188 mh $0 9f
0x000000000000e18a ml $1 4e
0x000000000000e18c mh $1 c0
0x000000000000e18e ld $0 $1
0x000000000000e190 ml $0 98
0x000000000000e192 mh $0 a3
0x000000000000e194 ml $1 50
0x000000000000e196 mh $1 c0
0x000000000000e198 ld $0 $1
0x000000000000e19a ml $0 a9
0x000000000000e19c mh $0 a7
0x000000000000e19e ml $1 52
0x000000000000e1a0 mh $1 c0
0x000000000000e1a2 ld $0 $1
0x000000000000e1a4 ml $0 ba
0x000000000000e1a6 mh $0 ab
0x000000000000e1a8 ml $1 54
0x000000000000e1aa mh $1 c0
0x000000000000e1ac ld $0 $1
0x000000000000e1ae ml $0 cb
0x000000000000e1b0 mh $0 af
0x000000000000e1b2 ml $1 56
0x000000000000e1b4 mh $1 c0
0x000000000000e1b6 ld $0 $1
0x000000000000e1b8 ml $0 dc
0x000000000000e1ba mh $0 b3
0x000000000000e1bc ml $1 58
0x000000000000e1be mh $1 c0
0x000000000000e1c0 ld $0 $1
0x000000000000e1c2 ml $0 ed
0x000000000000e1c4 mh $0 b7
0x000000000000e1c6 ml $1 5a
0x000000000000e1c8 mh $1 c0
0x000000000000e1ca ld $0 $1
0x000000000000e1cc ml $0 fe
0x000000000000e1ce mh $0 bb
0x000000000000e1d0 ml $1 5c
0x000000000000e1d2 mh $1 c0
0x000000000000e1d4 ld $0 $1
0x000000000000e1d6 ml $0 1f
0x000000000000e1d8 mh $0 bc
0x000000000000e1da ml $1 5e
0x000000000000e1dc mh $1 c0
0x000000000000e1de ld $0 $1
0x000000000000e1e0 ml $0 20
0x000000000000e1e2 mh $0 c0
0x000000000000e1e4 ml $1 60
0x000000000000e1e6 mh $1 c0
0x000000000000e1e8 ld $0 $1
0x000000000000e1ea ml $0 31
0x000000000000e1ec mh $0 c4
0x000000000000e1ee ml $1 62
0x000000000000e1f0 mh $1 c0
0x000000000000e1f2 ld $0 $1
0x000000000000e1f4 ml $0 42
0x000000000000e1f6 mh $0 c8
0x000000000000e1f8 ml $1 64
0x000000000000e1fa mh $1 c0
0x000000000000e1fc ld $0 $1
0x000000000000e1fe ml $0 53
0x000000000000e200 mh $0 cc
0x000000000000e202 ml $1 66
0x000000000000e204 mh $1 c0
0x000000000000e206 ld $0 $1
0x000000000000e208 ml $0 64
0x000000000000e20a mh $0 d0
0x000000000000e20c ml $1 68
0x000000000000e20e mh $1 c0
0x000000000000e210 ld $0 $1
0x000000000000e212 ml $0 75
0x000000000000e214 mh $0 d4
0x000000000000e216 ml $1 6a
0x000000000000e218 mh $1 c0
0x000000000000e21a ld $0 $1
0x000000000000e21c ml $0 86
0x000000000000e21e mh $0 d8
0x000000000000e220 ml $1 6c
0x000000000000e222 mh $1 c0
0x000000000000e224 ld $0 $1
0x000000000000e226 ml $0 97
0x000000000000e228 mh $0 dc
0x000000000000e22a ml $1 6e
0x000000000000e22c mh $1 c0
0x000000000000e22e ld $0 $1
0x000000000000e230 ml $0 a8
0x000000000000e232 mh $0 e0
0x000000000000e234 ml $1 70
0x000000000000e236 mh $1 c0
0x000000000000e238 ld $0 $1
0x000000000000e23a ml $0 b9
0x000000000000e23c mh $0 e4
0x000000000000e23e ml $1 72
0x000000000000e240 mh $1 c0
0x000000000000e242 ld $0 $1
0x000000000000e244 ml $0 ca
0x000000000000e246 mh $0 e8
0x000000000000e248 ml $1 74
0x000000000000e24a mh $1 c0
0x000000000000e24c ld $0 $1
0x000000000000e24e ml $0 db
0x000000000000e250 mh $0 ec
0x000000000000e252 ml $1 76
0x000000000000e254 mh $1 c0
0x000000000000e256 ld $0 $1
0x000000000000e258 ml $0 ec
0x000000000000e25a mh $0 f0
0x000000000000e25c ml $1 78
0x000000000000e25e mh $1 c0
0x000000000000e260 ld $0 $1
0x000000000000e262 ml $0 fd
0x000000000000e264 mh $0 f4
0x000000000000e266 ml $1 7a
0x000000000000e268 mh $1 c0
0x000000000000e26a ld $0 $1
0x000000000000e26c ml $0 e
0x000000000000e26e mh $0 f9
0x000000000000e270 ml $1 7c
0x000000000000e272 mh $1 c0
0x000000000000e274 ld $0 $1
0x000000000000e276 ml $0 1f
0x000000000000e278 mh $0 fd
0x000000000000e27a ml $1 7e
0x000000000000e27c mh $1 c0
0x000000000000e27e ld $0 $1
0x000000000000e280 ml $10 ad
0x000000000000e282 mh $10 de
0x000000000000e284 ml $11 34
0x000000000000e286 mh $11 12
0x000000000000e288 ld $10 $11
Exception was raised: AddressError
Error: Exception handler for AddressError is not found.
Execution will be continued from the next instruction.
0x000000000000e28a ml $11 34
0x000000000000e28c mh $11 d2
0x000000000000e28e ld $10 $11

------------------------- Constructed Epilogue (null) --------------------------


------------------------------- Allocating code --------------------------------

Section: .text [pa=0x0000000000002000, va=0x000000000000e000]


-------------------- Running Execution from Epilogue (null) --------------------


---------------------------------- Instance 0 ----------------------------------

Execution status: 0x000000000000e290

Finalization:
Allocated entries: []

------------------- Printing test program to example_0000.s --------------------


-------------------------- Ended Processing Template ---------------------------


--------------------- Printing linker script to example.ld ---------------------

Generation Statistics
Generation time: 0.286 seconds
Generation rate: 1146 instructions/second
Programs/stimuli/instructions: 1/0/328
